
  .   ____          _            __ _ _
 /\\ / ___'_ __ _ _(_)_ __  __ _ \ \ \ \
( ( )\___ | '_ | '_| | '_ \/ _` | \ \ \ \
 \\/  ___)| |_)| | | | | || (_| |  ) ) ) )
  '  |____| .__|_| |_|_| |_\__, | / / / /
 =========|_|==============|___/=/_/_/_/
 :: Spring Boot ::        (v2.2.0.RELEASE)

2020-12-18 15:57:52.868  INFO 2070 --- [           main] dag.BlockApplication                     : Starting BlockApplication on oval with PID 2070 (/home/uokaa/Desktop/DAGProject/target/DAG-1.0.jar started by uokaa in /home/uokaa/Desktop/DAGProject/target)
2020-12-18 15:57:52.891  INFO 2070 --- [           main] dag.BlockApplication                     : The following profiles are active: dev
2020-12-18 15:57:53.934  INFO 2070 --- [           main] o.s.b.w.embedded.tomcat.TomcatWebServer  : Tomcat initialized with port(s): 8080 (http)
2020-12-18 15:57:53.957  INFO 2070 --- [           main] o.apache.catalina.core.StandardService   : Starting service [Tomcat]
2020-12-18 15:57:53.958  INFO 2070 --- [           main] org.apache.catalina.core.StandardEngine  : Starting Servlet engine: [Apache Tomcat/9.0.27]
2020-12-18 15:57:54.018  INFO 2070 --- [           main] o.a.c.c.C.[Tomcat].[localhost].[/]       : Initializing Spring embedded WebApplicationContext
2020-12-18 15:57:54.018  INFO 2070 --- [           main] o.s.web.context.ContextLoader            : Root WebApplicationContext: initialization completed in 1077 ms
2020-12-18 15:57:54.444  INFO 2070 --- [           main] o.s.s.concurrent.ThreadPoolTaskExecutor  : Initializing ExecutorService 'applicationTaskExecutor'
2020-12-18 15:57:54.529  INFO 2070 --- [           main] o.s.b.a.w.s.WelcomePageHandlerMapping    : Adding welcome page template: index
2020-12-18 15:57:54.580  WARN 2070 --- [           main] org.thymeleaf.templatemode.TemplateMode  : [THYMELEAF][main] Template Mode 'HTML5' is deprecated. Using Template Mode 'HTML' instead.
2020-12-18 15:57:54.671  INFO 2070 --- [           main] o.s.b.w.embedded.tomcat.TomcatWebServer  : Tomcat started on port(s): 8080 (http) with context path ''
2020-12-18 15:57:54.674  INFO 2070 --- [           main] dag.BlockApplication                     : Started BlockApplication in 2.282 seconds (JVM running for 2.696)
2020-12-18 15:58:03.009  INFO 2070 --- [extShutdownHook] o.s.s.concurrent.ThreadPoolTaskExecutor  : Shutting down ExecutorService 'applicationTaskExecutor'
